<?xml version="1.0" encoding="UTF-8"?>
<testng-results ignored="0" total="1" passed="1" failed="0" skipped="0">
  <reporter-output>
  </reporter-output>
  <suite started-at="2025-03-27T17:42:34 IST" name="Default suite" finished-at="2025-03-27T17:42:52 IST" duration-ms="18160">
    <groups>
    </groups>
    <test started-at="2025-03-27T17:42:34 IST" name="Default test" finished-at="2025-03-27T17:42:52 IST" duration-ms="18160">
      <class name="testScripts.MouseActionsTest">
        <test-method signature="mouseActions()[pri:0, instance:testScripts.MouseActionsTest@f09733f]" started-at="2025-03-27T17:42:34 IST" name="mouseActions" finished-at="2025-03-27T17:42:52 IST" duration-ms="18051" status="PASS">
          <reporter-output>
          </reporter-output>
        </test-method> <!-- mouseActions -->
      </class> <!-- testScripts.MouseActionsTest -->
    </test> <!-- Default test -->
  </suite> <!-- Default suite -->
</testng-results>
